<?xml version="1.0" encoding="UTF-8"?>
<testsuite xmlns:xsi="http://www.w3.org/2001/XMLSchema-instance" xsi:noNamespaceSchemaLocation="https://maven.apache.org/surefire/maven-surefire-plugin/xsd/surefire-test-report-3.0.xsd" version="3.0" name="com.example.ItemsMapperTest" time="0.032" tests="3" errors="0" skipped="0" failures="0">
  <properties>
[...]
</properties>
  <testcase name="testMapperMethodsSignature" classname="com.example.ItemsMapperTest" time="0.014"/>
  <testcase name="testModelClassExists" classname="com.example.ItemsMapperTest" time="0.001"/>
  <testcase name="testFactoryResolvesPG" classname="com.example.ItemsMapperTest" time="0.002"/>
</testsuite>